<?xml version="1.0" encoding="utf-8"?>
<TestRun id="eaf0afc4-999b-4267-a945-e109edcf44d1" name="Usuario@KAM-DESKTOP-PC 2026-04-13 00:46:35" runUser="KAM-DESKTOP-PC\Usuario" xmlns="http://microsoft.com/schemas/VisualStudio/TeamTest/2010">
  <Times creation="2026-04-13T00:46:35.3355170-03:00" queuing="2026-04-13T00:46:35.3355173-03:00" start="2026-04-13T00:46:28.4692268-03:00" finish="2026-04-13T00:46:46.8600777-03:00" />
  <TestSettings name="default" id="e418a8ab-aa6b-4f61-bb65-4f0a9605af96">
    <Deployment runDeploymentRoot="Usuario_KAM-DESKTOP-PC_2026-04-13_00_46_35" />
  </TestSettings>
  <Results>
    <UnitTestResult executionId="13e96171-02cf-43b2-9b3f-28b3b76f4fc2" testId="88fb05f3-9fc2-2da7-4d0c-02bdf89e3dce" testName="OnlineOocSend_MessageArrivesAtServer_AsCtPacket" computerName="KAM-DESKTOP-PC" duration="00:00:11.5040929" startTime="2026-04-13T00:46:35.3005926-03:00" endTime="2026-04-13T00:46:46.8046850-03:00" testType="13cdc9d9-ddb5-4fa4-a97d-d965ccfc6d4b" outcome="Passed" testListId="8c84fa94-04c1-424b-9868-57a2d4851a1d" relativeResultsDirectory="13e96171-02cf-43b2-9b3f-28b3b76f4fc2">
      <Output>
        <StdOut>[Online] Server received 10 packet(s):&#xD;
  HI#ce1f5124-97de-4720-9a50-b5c923a4986c#%&#xD;
  ID#AO2#2.11.0#%&#xD;
  askchaa#%&#xD;
  RC#%&#xD;
  RM#%&#xD;
  RD#%&#xD;
  CT#OocTestClient##%&#xD;
  CH#1#%&#xD;
  RM#%&#xD;
  CT#OnlineTest#hello from online lane#%</StdOut>
      </Output>
    </UnitTestResult>
    <UnitTestResult executionId="325c6d76-a407-41a7-8686-dc833b362670" testId="a32a259f-d622-61bf-3f2d-e06a09505fa3" testName="OnlineConnect_HandshakePacketSequence_IsAo2Compliant" computerName="KAM-DESKTOP-PC" duration="00:00:06.3833790" startTime="2026-04-13T00:46:28.9162955-03:00" endTime="2026-04-13T00:46:35.2996281-03:00" testType="13cdc9d9-ddb5-4fa4-a97d-d965ccfc6d4b" outcome="Passed" testListId="8c84fa94-04c1-424b-9868-57a2d4851a1d" relativeResultsDirectory="325c6d76-a407-41a7-8686-dc833b362670">
      <Output>
        <StdOut>[Online] Server received 9 packet(s):&#xD;
  HI#9e09636f-1fa1-4881-8f61-b3403a650085#%&#xD;
  ID#AO2#2.11.0#%&#xD;
  askchaa#%&#xD;
  RC#%&#xD;
  RM#%&#xD;
  RD#%&#xD;
  CT#HandshakeClient##%&#xD;
  CH#1#%&#xD;
  RM#%</StdOut>
      </Output>
    </UnitTestResult>
  </Results>
  <TestDefinitions>
    <UnitTest name="OnlineConnect_HandshakePacketSequence_IsAo2Compliant" storage="d:\programs\attorney online\rpg\ao2-oceanya-bot\uiautomationtests\bin\debug\net8.0-windows7.0\uiautomationtests.dll" id="a32a259f-d622-61bf-3f2d-e06a09505fa3">
      <Execution id="325c6d76-a407-41a7-8686-dc833b362670" />
      <TestMethod codeBase="D:\Programs\Attorney Online\RPG\AO2-Oceanya-Bot\UiAutomationTests\bin\Debug\net8.0-windows7.0\UiAutomationTests.dll" adapterTypeName="executor://nunit3testexecutor/" className="UiAutomationTests.OnlineLaneTests" name="OnlineConnect_HandshakePacketSequence_IsAo2Compliant" />
    </UnitTest>
    <UnitTest name="OnlineOocSend_MessageArrivesAtServer_AsCtPacket" storage="d:\programs\attorney online\rpg\ao2-oceanya-bot\uiautomationtests\bin\debug\net8.0-windows7.0\uiautomationtests.dll" id="88fb05f3-9fc2-2da7-4d0c-02bdf89e3dce">
      <Execution id="13e96171-02cf-43b2-9b3f-28b3b76f4fc2" />
      <TestMethod codeBase="D:\Programs\Attorney Online\RPG\AO2-Oceanya-Bot\UiAutomationTests\bin\Debug\net8.0-windows7.0\UiAutomationTests.dll" adapterTypeName="executor://nunit3testexecutor/" className="UiAutomationTests.OnlineLaneTests" name="OnlineOocSend_MessageArrivesAtServer_AsCtPacket" />
    </UnitTest>
  </TestDefinitions>
  <TestEntries>
    <TestEntry testId="88fb05f3-9fc2-2da7-4d0c-02bdf89e3dce" executionId="13e96171-02cf-43b2-9b3f-28b3b76f4fc2" testListId="8c84fa94-04c1-424b-9868-57a2d4851a1d" />
    <TestEntry testId="a32a259f-d622-61bf-3f2d-e06a09505fa3" executionId="325c6d76-a407-41a7-8686-dc833b362670" testListId="8c84fa94-04c1-424b-9868-57a2d4851a1d" />
  </TestEntries>
  <TestLists>
    <TestList name="Results Not in a List" id="8c84fa94-04c1-424b-9868-57a2d4851a1d" />
    <TestList name="All Loaded Results" id="19431567-8539-422a-85d7-44ee4e166bda" />
  </TestLists>
  <ResultSummary outcome="Completed">
    <Counters total="2" executed="2" passed="2" failed="0" error="0" timeout="0" aborted="0" inconclusive="0" passedButRunAborted="0" notRunnable="0" notExecuted="0" disconnected="0" warning="0" completed="0" inProgress="0" pending="0" />
    <Output>
      <StdOut>NUnit Adapter 5.0.0.0: Test execution started&#xD;
Running selected tests in D:\Programs\Attorney Online\RPG\AO2-Oceanya-Bot\UiAutomationTests\bin\Debug\net8.0-windows7.0\UiAutomationTests.dll&#xD;
   NUnit3TestExecutor discovered 2 of 2 NUnit test cases using Current Discovery mode, Non-Explicit run&#xD;
[2026-04-13 00:46:29] ?? Loaded 1 characters from cache.&#xD;
[2026-04-13 00:46:32] ?? ===========================&#xD;
[2026-04-13 00:46:32] ?? Connected to AO server via TCP.&#xD;
[2026-04-13 00:46:32] ?? ===========================&#xD;
[2026-04-13 00:46:32] ?? Assigned Player ID: 1 | Server Version: tsuserver&#xD;
[2026-04-13 00:46:32] ?? Server features: fastloading, noencryption [AOClient.cs:504]&#xD;
[2026-04-13 00:46:32] ?? Server Character List updated.&#xD;
[2026-04-13 00:46:32] ?? Handshake completed successfully!&#xD;
[2026-04-13 00:46:32] ?? ===========================&#xD;
[2026-04-13 00:46:33] ?? Server did not provide CharsCheck during connect. Skipping automatic INI selection. [AOClient.cs:1501]&#xD;
[2026-04-13 00:46:33] ?? No available INI Puppets to select. [AOClient.cs:1504]&#xD;
[2026-04-13 00:46:33] ?? ===========================&#xD;
[2026-04-13 00:46:35] ?? TCP connection lost. Attempting to reconnect... [AOClient.cs:1620]&#xD;
[2026-04-13 00:46:35] ?? ===========================&#xD;
[Online] Server received 9 packet(s):&#xD;
  HI#9e09636f-1fa1-4881-8f61-b3403a650085#%&#xD;
  ID#AO2#2.11.0#%&#xD;
  askchaa#%&#xD;
  RC#%&#xD;
  RM#%&#xD;
  RD#%&#xD;
  CT#HandshakeClient##%&#xD;
  CH#1#%&#xD;
  RM#%&#xD;
&#xD;
[2026-04-13 00:46:36] ?? Loaded 1 characters from cache.&#xD;
[2026-04-13 00:46:39] ?? ===========================&#xD;
[2026-04-13 00:46:39] ?? Connected to AO server via TCP.&#xD;
[2026-04-13 00:46:39] ?? ===========================&#xD;
[2026-04-13 00:46:39] ?? Assigned Player ID: 1 | Server Version: tsuserver&#xD;
[2026-04-13 00:46:39] ?? Server features: fastloading, noencryption [AOClient.cs:504]&#xD;
[2026-04-13 00:46:39] ?? Server Character List updated.&#xD;
[2026-04-13 00:46:39] ?? Handshake completed successfully!&#xD;
[2026-04-13 00:46:39] ?? ===========================&#xD;
[2026-04-13 00:46:40] ?? Server did not provide CharsCheck during connect. Skipping automatic INI selection. [AOClient.cs:1501]&#xD;
[2026-04-13 00:46:40] ?? No available INI Puppets to select. [AOClient.cs:1504]&#xD;
[2026-04-13 00:46:40] ?? ===========================&#xD;
[Online] Server received 10 packet(s):&#xD;
  HI#ce1f5124-97de-4720-9a50-b5c923a4986c#%&#xD;
  ID#AO2#2.11.0#%&#xD;
  askchaa#%&#xD;
  RC#%&#xD;
  RM#%&#xD;
  RD#%&#xD;
  CT#OocTestClient##%&#xD;
  CH#1#%&#xD;
  RM#%&#xD;
  CT#OnlineTest#hello from online lane#%&#xD;
&#xD;
NUnit Adapter 5.0.0.0: Test execution complete&#xD;
</StdOut>
    </Output>
  </ResultSummary>
</TestRun>