<?xml version="1.0" encoding="utf-8"?>
<TestRun id="fed563b7-fddd-495e-abc1-7ce0b3726b5f" name="Usuario@KAM-DESKTOP-PC 2026-04-13 00:45:50" runUser="KAM-DESKTOP-PC\Usuario" xmlns="http://microsoft.com/schemas/VisualStudio/TeamTest/2010">
  <Times creation="2026-04-13T00:45:50.9626763-03:00" queuing="2026-04-13T00:45:50.9626765-03:00" start="2026-04-13T00:45:44.0566895-03:00" finish="2026-04-13T00:46:02.4792969-03:00" />
  <TestSettings name="default" id="4a2e1a9a-ba2e-4fa0-809c-fa0d7cd2eead">
    <Deployment runDeploymentRoot="Usuario_KAM-DESKTOP-PC_2026-04-13_00_45_50" />
  </TestSettings>
  <Results>
    <UnitTestResult executionId="37c861ae-bee5-4e4f-8986-a3cb30f8b556" testId="a32a259f-d622-61bf-3f2d-e06a09505fa3" testName="OnlineConnect_HandshakePacketSequence_IsAo2Compliant" computerName="KAM-DESKTOP-PC" duration="00:00:06.4300890" startTime="2026-04-13T00:45:44.4967800-03:00" endTime="2026-04-13T00:45:50.9268239-03:00" testType="13cdc9d9-ddb5-4fa4-a97d-d965ccfc6d4b" outcome="Passed" testListId="8c84fa94-04c1-424b-9868-57a2d4851a1d" relativeResultsDirectory="37c861ae-bee5-4e4f-8986-a3cb30f8b556">
      <Output>
        <StdOut>[Online] Server received 9 packet(s):&#xD;
  HI#a841632b-6801-4214-84b0-d4b36351bade#%&#xD;
  ID#AO2#2.11.0#%&#xD;
  askchaa#%&#xD;
  RC#%&#xD;
  RM#%&#xD;
  RD#%&#xD;
  CT#HandshakeClient##%&#xD;
  CH#1#%&#xD;
  RM#%</StdOut>
      </Output>
    </UnitTestResult>
    <UnitTestResult executionId="aa0067bb-d50a-4015-98b1-f1d4c5b444bd" testId="88fb05f3-9fc2-2da7-4d0c-02bdf89e3dce" testName="OnlineOocSend_MessageArrivesAtServer_AsCtPacket" computerName="KAM-DESKTOP-PC" duration="00:00:11.4971500" startTime="2026-04-13T00:45:50.9277193-03:00" endTime="2026-04-13T00:46:02.4248688-03:00" testType="13cdc9d9-ddb5-4fa4-a97d-d965ccfc6d4b" outcome="Passed" testListId="8c84fa94-04c1-424b-9868-57a2d4851a1d" relativeResultsDirectory="aa0067bb-d50a-4015-98b1-f1d4c5b444bd">
      <Output>
        <StdOut>[Online] Server received 10 packet(s):&#xD;
  HI#689fe85b-6f0e-4feb-b70b-ce70264b3816#%&#xD;
  ID#AO2#2.11.0#%&#xD;
  askchaa#%&#xD;
  RC#%&#xD;
  RM#%&#xD;
  RD#%&#xD;
  CT#OocTestClient##%&#xD;
  CH#1#%&#xD;
  RM#%&#xD;
  CT#OnlineTest#hello from online lane#%</StdOut>
      </Output>
    </UnitTestResult>
  </Results>
  <TestDefinitions>
    <UnitTest name="OnlineConnect_HandshakePacketSequence_IsAo2Compliant" storage="d:\programs\attorney online\rpg\ao2-oceanya-bot\uiautomationtests\bin\debug\net8.0-windows7.0\uiautomationtests.dll" id="a32a259f-d622-61bf-3f2d-e06a09505fa3">
      <Execution id="37c861ae-bee5-4e4f-8986-a3cb30f8b556" />
      <TestMethod codeBase="D:\Programs\Attorney Online\RPG\AO2-Oceanya-Bot\UiAutomationTests\bin\Debug\net8.0-windows7.0\UiAutomationTests.dll" adapterTypeName="executor://nunit3testexecutor/" className="UiAutomationTests.OnlineLaneTests" name="OnlineConnect_HandshakePacketSequence_IsAo2Compliant" />
    </UnitTest>
    <UnitTest name="OnlineOocSend_MessageArrivesAtServer_AsCtPacket" storage="d:\programs\attorney online\rpg\ao2-oceanya-bot\uiautomationtests\bin\debug\net8.0-windows7.0\uiautomationtests.dll" id="88fb05f3-9fc2-2da7-4d0c-02bdf89e3dce">
      <Execution id="aa0067bb-d50a-4015-98b1-f1d4c5b444bd" />
      <TestMethod codeBase="D:\Programs\Attorney Online\RPG\AO2-Oceanya-Bot\UiAutomationTests\bin\Debug\net8.0-windows7.0\UiAutomationTests.dll" adapterTypeName="executor://nunit3testexecutor/" className="UiAutomationTests.OnlineLaneTests" name="OnlineOocSend_MessageArrivesAtServer_AsCtPacket" />
    </UnitTest>
  </TestDefinitions>
  <TestEntries>
    <TestEntry testId="a32a259f-d622-61bf-3f2d-e06a09505fa3" executionId="37c861ae-bee5-4e4f-8986-a3cb30f8b556" testListId="8c84fa94-04c1-424b-9868-57a2d4851a1d" />
    <TestEntry testId="88fb05f3-9fc2-2da7-4d0c-02bdf89e3dce" executionId="aa0067bb-d50a-4015-98b1-f1d4c5b444bd" testListId="8c84fa94-04c1-424b-9868-57a2d4851a1d" />
  </TestEntries>
  <TestLists>
    <TestList name="Results Not in a List" id="8c84fa94-04c1-424b-9868-57a2d4851a1d" />
    <TestList name="All Loaded Results" id="19431567-8539-422a-85d7-44ee4e166bda" />
  </TestLists>
  <ResultSummary outcome="Completed">
    <Counters total="2" executed="2" passed="2" failed="0" error="0" timeout="0" aborted="0" inconclusive="0" passedButRunAborted="0" notRunnable="0" notExecuted="0" disconnected="0" warning="0" completed="0" inProgress="0" pending="0" />
    <Output>
      <StdOut>NUnit Adapter 5.0.0.0: Test execution started&#xD;
Running selected tests in D:\Programs\Attorney Online\RPG\AO2-Oceanya-Bot\UiAutomationTests\bin\Debug\net8.0-windows7.0\UiAutomationTests.dll&#xD;
   NUnit3TestExecutor discovered 2 of 2 NUnit test cases using Current Discovery mode, Non-Explicit run&#xD;
[2026-04-13 00:45:45] ?? Loaded 1 characters from cache.&#xD;
[2026-04-13 00:45:48] ?? ===========================&#xD;
[2026-04-13 00:45:48] ?? Connected to AO server via TCP.&#xD;
[2026-04-13 00:45:48] ?? ===========================&#xD;
[2026-04-13 00:45:48] ?? Assigned Player ID: 1 | Server Version: tsuserver&#xD;
[2026-04-13 00:45:48] ?? Server features: fastloading, noencryption [AOClient.cs:504]&#xD;
[2026-04-13 00:45:48] ?? Server Character List updated.&#xD;
[2026-04-13 00:45:48] ?? Handshake completed successfully!&#xD;
[2026-04-13 00:45:48] ?? ===========================&#xD;
[2026-04-13 00:45:49] ?? Server did not provide CharsCheck during connect. Skipping automatic INI selection. [AOClient.cs:1501]&#xD;
[2026-04-13 00:45:49] ?? No available INI Puppets to select. [AOClient.cs:1504]&#xD;
[2026-04-13 00:45:49] ?? ===========================&#xD;
[2026-04-13 00:45:50] ?? TCP connection lost. Attempting to reconnect... [AOClient.cs:1620]&#xD;
[2026-04-13 00:45:50] ?? ===========================&#xD;
[Online] Server received 9 packet(s):&#xD;
  HI#a841632b-6801-4214-84b0-d4b36351bade#%&#xD;
  ID#AO2#2.11.0#%&#xD;
  askchaa#%&#xD;
  RC#%&#xD;
  RM#%&#xD;
  RD#%&#xD;
  CT#HandshakeClient##%&#xD;
  CH#1#%&#xD;
  RM#%&#xD;
&#xD;
[2026-04-13 00:45:51] ?? Loaded 1 characters from cache.&#xD;
[2026-04-13 00:45:54] ?? ===========================&#xD;
[2026-04-13 00:45:54] ?? Connected to AO server via TCP.&#xD;
[2026-04-13 00:45:54] ?? ===========================&#xD;
[2026-04-13 00:45:54] ?? Assigned Player ID: 1 | Server Version: tsuserver&#xD;
[2026-04-13 00:45:54] ?? Server features: fastloading, noencryption [AOClient.cs:504]&#xD;
[2026-04-13 00:45:54] ?? Server Character List updated.&#xD;
[2026-04-13 00:45:54] ?? Handshake completed successfully!&#xD;
[2026-04-13 00:45:54] ?? ===========================&#xD;
[2026-04-13 00:45:55] ?? Server did not provide CharsCheck during connect. Skipping automatic INI selection. [AOClient.cs:1501]&#xD;
[2026-04-13 00:45:55] ?? No available INI Puppets to select. [AOClient.cs:1504]&#xD;
[2026-04-13 00:45:55] ?? ===========================&#xD;
[Online] Server received 10 packet(s):&#xD;
  HI#689fe85b-6f0e-4feb-b70b-ce70264b3816#%&#xD;
  ID#AO2#2.11.0#%&#xD;
  askchaa#%&#xD;
  RC#%&#xD;
  RM#%&#xD;
  RD#%&#xD;
  CT#OocTestClient##%&#xD;
  CH#1#%&#xD;
  RM#%&#xD;
  CT#OnlineTest#hello from online lane#%&#xD;
&#xD;
NUnit Adapter 5.0.0.0: Test execution complete&#xD;
</StdOut>
    </Output>
  </ResultSummary>
</TestRun>