<?xml version="1.0" encoding="utf-8"?>
<TestRun id="2de5474d-444c-44d1-90c1-8d21e81dcebc" name="Usuario@KAM-DESKTOP-PC 2026-04-13 00:47:41" runUser="KAM-DESKTOP-PC\Usuario" xmlns="http://microsoft.com/schemas/VisualStudio/TeamTest/2010">
  <Times creation="2026-04-13T00:47:41.9523231-03:00" queuing="2026-04-13T00:47:41.9523235-03:00" start="2026-04-13T00:47:35.0553809-03:00" finish="2026-04-13T00:47:53.4603485-03:00" />
  <TestSettings name="default" id="8bd349a2-4fa3-437f-8e8f-a1456d42a856">
    <Deployment runDeploymentRoot="Usuario_KAM-DESKTOP-PC_2026-04-13_00_47_41" />
  </TestSettings>
  <Results>
    <UnitTestResult executionId="52fe204d-629a-4815-a756-eb54e49e7f6a" testId="88fb05f3-9fc2-2da7-4d0c-02bdf89e3dce" testName="OnlineOocSend_MessageArrivesAtServer_AsCtPacket" computerName="KAM-DESKTOP-PC" duration="00:00:11.4893930" startTime="2026-04-13T00:47:41.9147000-03:00" endTime="2026-04-13T00:47:53.4040931-03:00" testType="13cdc9d9-ddb5-4fa4-a97d-d965ccfc6d4b" outcome="Passed" testListId="8c84fa94-04c1-424b-9868-57a2d4851a1d" relativeResultsDirectory="52fe204d-629a-4815-a756-eb54e49e7f6a">
      <Output>
        <StdOut>[Online] Server received 10 packet(s):&#xD;
  HI#6eba8a36-8448-4995-b574-3f4d8b2113bd#%&#xD;
  ID#AO2#2.11.0#%&#xD;
  askchaa#%&#xD;
  RC#%&#xD;
  RM#%&#xD;
  RD#%&#xD;
  CT#OocTestClient##%&#xD;
  CH#1#%&#xD;
  RM#%&#xD;
  CT#OnlineTest#hello from online lane#%</StdOut>
      </Output>
    </UnitTestResult>
    <UnitTestResult executionId="af9470f2-5054-4647-b0cc-73252ae2efb1" testId="a32a259f-d622-61bf-3f2d-e06a09505fa3" testName="OnlineConnect_HandshakePacketSequence_IsAo2Compliant" computerName="KAM-DESKTOP-PC" duration="00:00:06.4145390" startTime="2026-04-13T00:47:35.4992473-03:00" endTime="2026-04-13T00:47:41.9137342-03:00" testType="13cdc9d9-ddb5-4fa4-a97d-d965ccfc6d4b" outcome="Passed" testListId="8c84fa94-04c1-424b-9868-57a2d4851a1d" relativeResultsDirectory="af9470f2-5054-4647-b0cc-73252ae2efb1">
      <Output>
        <StdOut>[Online] Server received 9 packet(s):&#xD;
  HI#78f7cc3b-66df-4e9f-ac58-c17232ecc13e#%&#xD;
  ID#AO2#2.11.0#%&#xD;
  askchaa#%&#xD;
  RC#%&#xD;
  RM#%&#xD;
  RD#%&#xD;
  CT#HandshakeClient##%&#xD;
  CH#1#%&#xD;
  RM#%</StdOut>
      </Output>
    </UnitTestResult>
  </Results>
  <TestDefinitions>
    <UnitTest name="OnlineConnect_HandshakePacketSequence_IsAo2Compliant" storage="d:\programs\attorney online\rpg\ao2-oceanya-bot\uiautomationtests\bin\debug\net8.0-windows7.0\uiautomationtests.dll" id="a32a259f-d622-61bf-3f2d-e06a09505fa3">
      <Execution id="af9470f2-5054-4647-b0cc-73252ae2efb1" />
      <TestMethod codeBase="D:\Programs\Attorney Online\RPG\AO2-Oceanya-Bot\UiAutomationTests\bin\Debug\net8.0-windows7.0\UiAutomationTests.dll" adapterTypeName="executor://nunit3testexecutor/" className="UiAutomationTests.OnlineLaneTests" name="OnlineConnect_HandshakePacketSequence_IsAo2Compliant" />
    </UnitTest>
    <UnitTest name="OnlineOocSend_MessageArrivesAtServer_AsCtPacket" storage="d:\programs\attorney online\rpg\ao2-oceanya-bot\uiautomationtests\bin\debug\net8.0-windows7.0\uiautomationtests.dll" id="88fb05f3-9fc2-2da7-4d0c-02bdf89e3dce">
      <Execution id="52fe204d-629a-4815-a756-eb54e49e7f6a" />
      <TestMethod codeBase="D:\Programs\Attorney Online\RPG\AO2-Oceanya-Bot\UiAutomationTests\bin\Debug\net8.0-windows7.0\UiAutomationTests.dll" adapterTypeName="executor://nunit3testexecutor/" className="UiAutomationTests.OnlineLaneTests" name="OnlineOocSend_MessageArrivesAtServer_AsCtPacket" />
    </UnitTest>
  </TestDefinitions>
  <TestEntries>
    <TestEntry testId="88fb05f3-9fc2-2da7-4d0c-02bdf89e3dce" executionId="52fe204d-629a-4815-a756-eb54e49e7f6a" testListId="8c84fa94-04c1-424b-9868-57a2d4851a1d" />
    <TestEntry testId="a32a259f-d622-61bf-3f2d-e06a09505fa3" executionId="af9470f2-5054-4647-b0cc-73252ae2efb1" testListId="8c84fa94-04c1-424b-9868-57a2d4851a1d" />
  </TestEntries>
  <TestLists>
    <TestList name="Results Not in a List" id="8c84fa94-04c1-424b-9868-57a2d4851a1d" />
    <TestList name="All Loaded Results" id="19431567-8539-422a-85d7-44ee4e166bda" />
  </TestLists>
  <ResultSummary outcome="Completed">
    <Counters total="2" executed="2" passed="2" failed="0" error="0" timeout="0" aborted="0" inconclusive="0" passedButRunAborted="0" notRunnable="0" notExecuted="0" disconnected="0" warning="0" completed="0" inProgress="0" pending="0" />
    <Output>
      <StdOut>NUnit Adapter 5.0.0.0: Test execution started&#xD;
Running selected tests in D:\Programs\Attorney Online\RPG\AO2-Oceanya-Bot\UiAutomationTests\bin\Debug\net8.0-windows7.0\UiAutomationTests.dll&#xD;
   NUnit3TestExecutor discovered 2 of 2 NUnit test cases using Current Discovery mode, Non-Explicit run&#xD;
[2026-04-13 00:47:36] ?? Loaded 1 characters from cache.&#xD;
[2026-04-13 00:47:39] ?? ===========================&#xD;
[2026-04-13 00:47:39] ?? Connected to AO server via TCP.&#xD;
[2026-04-13 00:47:39] ?? ===========================&#xD;
[2026-04-13 00:47:39] ?? Assigned Player ID: 1 | Server Version: tsuserver&#xD;
[2026-04-13 00:47:39] ?? Server features: fastloading, noencryption [AOClient.cs:504]&#xD;
[2026-04-13 00:47:39] ?? Server Character List updated.&#xD;
[2026-04-13 00:47:39] ?? Handshake completed successfully!&#xD;
[2026-04-13 00:47:39] ?? ===========================&#xD;
[2026-04-13 00:47:40] ?? Server did not provide CharsCheck during connect. Skipping automatic INI selection. [AOClient.cs:1501]&#xD;
[2026-04-13 00:47:40] ?? No available INI Puppets to select. [AOClient.cs:1504]&#xD;
[2026-04-13 00:47:40] ?? ===========================&#xD;
[2026-04-13 00:47:41] ?? TCP connection lost. Attempting to reconnect... [AOClient.cs:1620]&#xD;
[2026-04-13 00:47:41] ?? ===========================&#xD;
[Online] Server received 9 packet(s):&#xD;
  HI#78f7cc3b-66df-4e9f-ac58-c17232ecc13e#%&#xD;
  ID#AO2#2.11.0#%&#xD;
  askchaa#%&#xD;
  RC#%&#xD;
  RM#%&#xD;
  RD#%&#xD;
  CT#HandshakeClient##%&#xD;
  CH#1#%&#xD;
  RM#%&#xD;
&#xD;
[2026-04-13 00:47:42] ?? Loaded 1 characters from cache.&#xD;
[2026-04-13 00:47:45] ?? ===========================&#xD;
[2026-04-13 00:47:45] ?? Connected to AO server via TCP.&#xD;
[2026-04-13 00:47:45] ?? ===========================&#xD;
[2026-04-13 00:47:45] ?? Assigned Player ID: 1 | Server Version: tsuserver&#xD;
[2026-04-13 00:47:45] ?? Server features: fastloading, noencryption [AOClient.cs:504]&#xD;
[2026-04-13 00:47:45] ?? Server Character List updated.&#xD;
[2026-04-13 00:47:45] ?? Handshake completed successfully!&#xD;
[2026-04-13 00:47:45] ?? ===========================&#xD;
[2026-04-13 00:47:46] ?? Server did not provide CharsCheck during connect. Skipping automatic INI selection. [AOClient.cs:1501]&#xD;
[2026-04-13 00:47:46] ?? No available INI Puppets to select. [AOClient.cs:1504]&#xD;
[2026-04-13 00:47:46] ?? ===========================&#xD;
[Online] Server received 10 packet(s):&#xD;
  HI#6eba8a36-8448-4995-b574-3f4d8b2113bd#%&#xD;
  ID#AO2#2.11.0#%&#xD;
  askchaa#%&#xD;
  RC#%&#xD;
  RM#%&#xD;
  RD#%&#xD;
  CT#OocTestClient##%&#xD;
  CH#1#%&#xD;
  RM#%&#xD;
  CT#OnlineTest#hello from online lane#%&#xD;
&#xD;
NUnit Adapter 5.0.0.0: Test execution complete&#xD;
</StdOut>
    </Output>
  </ResultSummary>
</TestRun>