<?xml version="1.0" encoding="utf-8"?>
<TestRun id="14f14645-e462-49aa-9c32-9d967b2b063f" name="Usuario@KAM-DESKTOP-PC 2026-04-13 00:47:19" runUser="KAM-DESKTOP-PC\Usuario" xmlns="http://microsoft.com/schemas/VisualStudio/TeamTest/2010">
  <Times creation="2026-04-13T00:47:19.7425618-03:00" queuing="2026-04-13T00:47:19.7425622-03:00" start="2026-04-13T00:47:12.8595461-03:00" finish="2026-04-13T00:47:31.2520966-03:00" />
  <TestSettings name="default" id="7f4ef867-f53e-43dc-94e4-50e84a13eccd">
    <Deployment runDeploymentRoot="Usuario_KAM-DESKTOP-PC_2026-04-13_00_47_19" />
  </TestSettings>
  <Results>
    <UnitTestResult executionId="6774c06a-a60e-4844-9ecf-4c5a448abb3b" testId="a32a259f-d622-61bf-3f2d-e06a09505fa3" testName="OnlineConnect_HandshakePacketSequence_IsAo2Compliant" computerName="KAM-DESKTOP-PC" duration="00:00:06.3999590" startTime="2026-04-13T00:47:13.3054084-03:00" endTime="2026-04-13T00:47:19.7053215-03:00" testType="13cdc9d9-ddb5-4fa4-a97d-d965ccfc6d4b" outcome="Passed" testListId="8c84fa94-04c1-424b-9868-57a2d4851a1d" relativeResultsDirectory="6774c06a-a60e-4844-9ecf-4c5a448abb3b">
      <Output>
        <StdOut>[Online] Server received 9 packet(s):&#xD;
  HI#24049053-c309-4277-9728-b2c660277dc9#%&#xD;
  ID#AO2#2.11.0#%&#xD;
  askchaa#%&#xD;
  RC#%&#xD;
  RM#%&#xD;
  RD#%&#xD;
  CT#HandshakeClient##%&#xD;
  CH#1#%&#xD;
  RM#%</StdOut>
      </Output>
    </UnitTestResult>
    <UnitTestResult executionId="56e4fbce-e9a7-48d3-8dda-75229a6be816" testId="88fb05f3-9fc2-2da7-4d0c-02bdf89e3dce" testName="OnlineOocSend_MessageArrivesAtServer_AsCtPacket" computerName="KAM-DESKTOP-PC" duration="00:00:11.4913190" startTime="2026-04-13T00:47:19.7062455-03:00" endTime="2026-04-13T00:47:31.1975640-03:00" testType="13cdc9d9-ddb5-4fa4-a97d-d965ccfc6d4b" outcome="Passed" testListId="8c84fa94-04c1-424b-9868-57a2d4851a1d" relativeResultsDirectory="56e4fbce-e9a7-48d3-8dda-75229a6be816">
      <Output>
        <StdOut>[Online] Server received 10 packet(s):&#xD;
  HI#2c1f4c1d-439a-4c33-849a-73d61d6ed18c#%&#xD;
  ID#AO2#2.11.0#%&#xD;
  askchaa#%&#xD;
  RC#%&#xD;
  RM#%&#xD;
  RD#%&#xD;
  CT#OocTestClient##%&#xD;
  CH#1#%&#xD;
  RM#%&#xD;
  CT#OnlineTest#hello from online lane#%</StdOut>
      </Output>
    </UnitTestResult>
  </Results>
  <TestDefinitions>
    <UnitTest name="OnlineConnect_HandshakePacketSequence_IsAo2Compliant" storage="d:\programs\attorney online\rpg\ao2-oceanya-bot\uiautomationtests\bin\debug\net8.0-windows7.0\uiautomationtests.dll" id="a32a259f-d622-61bf-3f2d-e06a09505fa3">
      <Execution id="6774c06a-a60e-4844-9ecf-4c5a448abb3b" />
      <TestMethod codeBase="D:\Programs\Attorney Online\RPG\AO2-Oceanya-Bot\UiAutomationTests\bin\Debug\net8.0-windows7.0\UiAutomationTests.dll" adapterTypeName="executor://nunit3testexecutor/" className="UiAutomationTests.OnlineLaneTests" name="OnlineConnect_HandshakePacketSequence_IsAo2Compliant" />
    </UnitTest>
    <UnitTest name="OnlineOocSend_MessageArrivesAtServer_AsCtPacket" storage="d:\programs\attorney online\rpg\ao2-oceanya-bot\uiautomationtests\bin\debug\net8.0-windows7.0\uiautomationtests.dll" id="88fb05f3-9fc2-2da7-4d0c-02bdf89e3dce">
      <Execution id="56e4fbce-e9a7-48d3-8dda-75229a6be816" />
      <TestMethod codeBase="D:\Programs\Attorney Online\RPG\AO2-Oceanya-Bot\UiAutomationTests\bin\Debug\net8.0-windows7.0\UiAutomationTests.dll" adapterTypeName="executor://nunit3testexecutor/" className="UiAutomationTests.OnlineLaneTests" name="OnlineOocSend_MessageArrivesAtServer_AsCtPacket" />
    </UnitTest>
  </TestDefinitions>
  <TestEntries>
    <TestEntry testId="a32a259f-d622-61bf-3f2d-e06a09505fa3" executionId="6774c06a-a60e-4844-9ecf-4c5a448abb3b" testListId="8c84fa94-04c1-424b-9868-57a2d4851a1d" />
    <TestEntry testId="88fb05f3-9fc2-2da7-4d0c-02bdf89e3dce" executionId="56e4fbce-e9a7-48d3-8dda-75229a6be816" testListId="8c84fa94-04c1-424b-9868-57a2d4851a1d" />
  </TestEntries>
  <TestLists>
    <TestList name="Results Not in a List" id="8c84fa94-04c1-424b-9868-57a2d4851a1d" />
    <TestList name="All Loaded Results" id="19431567-8539-422a-85d7-44ee4e166bda" />
  </TestLists>
  <ResultSummary outcome="Completed">
    <Counters total="2" executed="2" passed="2" failed="0" error="0" timeout="0" aborted="0" inconclusive="0" passedButRunAborted="0" notRunnable="0" notExecuted="0" disconnected="0" warning="0" completed="0" inProgress="0" pending="0" />
    <Output>
      <StdOut>NUnit Adapter 5.0.0.0: Test execution started&#xD;
Running selected tests in D:\Programs\Attorney Online\RPG\AO2-Oceanya-Bot\UiAutomationTests\bin\Debug\net8.0-windows7.0\UiAutomationTests.dll&#xD;
   NUnit3TestExecutor discovered 2 of 2 NUnit test cases using Current Discovery mode, Non-Explicit run&#xD;
[2026-04-13 00:47:14] ?? Loaded 1 characters from cache.&#xD;
[2026-04-13 00:47:17] ?? ===========================&#xD;
[2026-04-13 00:47:17] ?? Connected to AO server via TCP.&#xD;
[2026-04-13 00:47:17] ?? ===========================&#xD;
[2026-04-13 00:47:17] ?? Assigned Player ID: 1 | Server Version: tsuserver&#xD;
[2026-04-13 00:47:17] ?? Server features: fastloading, noencryption [AOClient.cs:504]&#xD;
[2026-04-13 00:47:17] ?? Server Character List updated.&#xD;
[2026-04-13 00:47:17] ?? Handshake completed successfully!&#xD;
[2026-04-13 00:47:17] ?? ===========================&#xD;
[2026-04-13 00:47:18] ?? Server did not provide CharsCheck during connect. Skipping automatic INI selection. [AOClient.cs:1501]&#xD;
[2026-04-13 00:47:18] ?? No available INI Puppets to select. [AOClient.cs:1504]&#xD;
[2026-04-13 00:47:18] ?? ===========================&#xD;
[2026-04-13 00:47:19] ?? TCP connection lost. Attempting to reconnect... [AOClient.cs:1620]&#xD;
[2026-04-13 00:47:19] ?? ===========================&#xD;
[Online] Server received 9 packet(s):&#xD;
  HI#24049053-c309-4277-9728-b2c660277dc9#%&#xD;
  ID#AO2#2.11.0#%&#xD;
  askchaa#%&#xD;
  RC#%&#xD;
  RM#%&#xD;
  RD#%&#xD;
  CT#HandshakeClient##%&#xD;
  CH#1#%&#xD;
  RM#%&#xD;
&#xD;
[2026-04-13 00:47:20] ?? Loaded 1 characters from cache.&#xD;
[2026-04-13 00:47:23] ?? ===========================&#xD;
[2026-04-13 00:47:23] ?? Connected to AO server via TCP.&#xD;
[2026-04-13 00:47:23] ?? ===========================&#xD;
[2026-04-13 00:47:23] ?? Assigned Player ID: 1 | Server Version: tsuserver&#xD;
[2026-04-13 00:47:23] ?? Server features: fastloading, noencryption [AOClient.cs:504]&#xD;
[2026-04-13 00:47:23] ?? Server Character List updated.&#xD;
[2026-04-13 00:47:23] ?? Handshake completed successfully!&#xD;
[2026-04-13 00:47:23] ?? ===========================&#xD;
[2026-04-13 00:47:24] ?? Server did not provide CharsCheck during connect. Skipping automatic INI selection. [AOClient.cs:1501]&#xD;
[2026-04-13 00:47:24] ?? No available INI Puppets to select. [AOClient.cs:1504]&#xD;
[2026-04-13 00:47:24] ?? ===========================&#xD;
[Online] Server received 10 packet(s):&#xD;
  HI#2c1f4c1d-439a-4c33-849a-73d61d6ed18c#%&#xD;
  ID#AO2#2.11.0#%&#xD;
  askchaa#%&#xD;
  RC#%&#xD;
  RM#%&#xD;
  RD#%&#xD;
  CT#OocTestClient##%&#xD;
  CH#1#%&#xD;
  RM#%&#xD;
  CT#OnlineTest#hello from online lane#%&#xD;
&#xD;
NUnit Adapter 5.0.0.0: Test execution complete&#xD;
</StdOut>
    </Output>
  </ResultSummary>
</TestRun>