<?xml version="1.0" encoding="utf-8"?>
<TestRun id="2655302c-3f2d-4c60-8a2c-5eff32b3bcca" name="Usuario@KAM-DESKTOP-PC 2026-04-13 00:44:01" runUser="KAM-DESKTOP-PC\Usuario" xmlns="http://microsoft.com/schemas/VisualStudio/TeamTest/2010">
  <Times creation="2026-04-13T00:44:01.1208568-03:00" queuing="2026-04-13T00:44:01.1208572-03:00" start="2026-04-13T00:43:54.4534006-03:00" finish="2026-04-13T00:44:12.6542995-03:00" />
  <TestSettings name="default" id="3f094f44-6c42-4b96-99e1-eb7e6809d3f3">
    <Deployment runDeploymentRoot="Usuario_KAM-DESKTOP-PC_2026-04-13_00_44_01" />
  </TestSettings>
  <Results>
    <UnitTestResult executionId="7780b389-156b-46cf-aae1-7e1e81af0497" testId="a32a259f-d622-61bf-3f2d-e06a09505fa3" testName="OnlineConnect_HandshakePacketSequence_IsAo2Compliant" computerName="KAM-DESKTOP-PC" duration="00:00:06.1712060" startTime="2026-04-13T00:43:54.9119637-03:00" endTime="2026-04-13T00:44:01.0831239-03:00" testType="13cdc9d9-ddb5-4fa4-a97d-d965ccfc6d4b" outcome="Passed" testListId="8c84fa94-04c1-424b-9868-57a2d4851a1d" relativeResultsDirectory="7780b389-156b-46cf-aae1-7e1e81af0497">
      <Output>
        <StdOut>[Online] Server received 9 packet(s):&#xD;
  HI#73d5b5bb-e51c-4b3e-bc06-872c32b1f663#%&#xD;
  ID#AO2#2.11.0#%&#xD;
  askchaa#%&#xD;
  RC#%&#xD;
  RM#%&#xD;
  RD#%&#xD;
  CT#HandshakeClient##%&#xD;
  CH#1#%&#xD;
  RM#%</StdOut>
      </Output>
    </UnitTestResult>
    <UnitTestResult executionId="bfc877bf-4c5e-476d-ac7b-a12cffa77686" testId="88fb05f3-9fc2-2da7-4d0c-02bdf89e3dce" testName="OnlineOocSend_MessageArrivesAtServer_AsCtPacket" computerName="KAM-DESKTOP-PC" duration="00:00:11.5164730" startTime="2026-04-13T00:44:01.0841046-03:00" endTime="2026-04-13T00:44:12.6005766-03:00" testType="13cdc9d9-ddb5-4fa4-a97d-d965ccfc6d4b" outcome="Passed" testListId="8c84fa94-04c1-424b-9868-57a2d4851a1d" relativeResultsDirectory="bfc877bf-4c5e-476d-ac7b-a12cffa77686">
      <Output>
        <StdOut>[Online] Server received 10 packet(s):&#xD;
  HI#2a3e3431-cf30-4aac-b2e2-2e7ddc06ce5a#%&#xD;
  ID#AO2#2.11.0#%&#xD;
  askchaa#%&#xD;
  RC#%&#xD;
  RM#%&#xD;
  RD#%&#xD;
  CT#OocTestClient##%&#xD;
  CH#1#%&#xD;
  RM#%&#xD;
  CT#OnlineTest#hello from online lane#%</StdOut>
      </Output>
    </UnitTestResult>
  </Results>
  <TestDefinitions>
    <UnitTest name="OnlineConnect_HandshakePacketSequence_IsAo2Compliant" storage="d:\programs\attorney online\rpg\ao2-oceanya-bot\uiautomationtests\bin\debug\net8.0-windows7.0\uiautomationtests.dll" id="a32a259f-d622-61bf-3f2d-e06a09505fa3">
      <Execution id="7780b389-156b-46cf-aae1-7e1e81af0497" />
      <TestMethod codeBase="D:\Programs\Attorney Online\RPG\AO2-Oceanya-Bot\UiAutomationTests\bin\Debug\net8.0-windows7.0\UiAutomationTests.dll" adapterTypeName="executor://nunit3testexecutor/" className="UiAutomationTests.OnlineLaneTests" name="OnlineConnect_HandshakePacketSequence_IsAo2Compliant" />
    </UnitTest>
    <UnitTest name="OnlineOocSend_MessageArrivesAtServer_AsCtPacket" storage="d:\programs\attorney online\rpg\ao2-oceanya-bot\uiautomationtests\bin\debug\net8.0-windows7.0\uiautomationtests.dll" id="88fb05f3-9fc2-2da7-4d0c-02bdf89e3dce">
      <Execution id="bfc877bf-4c5e-476d-ac7b-a12cffa77686" />
      <TestMethod codeBase="D:\Programs\Attorney Online\RPG\AO2-Oceanya-Bot\UiAutomationTests\bin\Debug\net8.0-windows7.0\UiAutomationTests.dll" adapterTypeName="executor://nunit3testexecutor/" className="UiAutomationTests.OnlineLaneTests" name="OnlineOocSend_MessageArrivesAtServer_AsCtPacket" />
    </UnitTest>
  </TestDefinitions>
  <TestEntries>
    <TestEntry testId="a32a259f-d622-61bf-3f2d-e06a09505fa3" executionId="7780b389-156b-46cf-aae1-7e1e81af0497" testListId="8c84fa94-04c1-424b-9868-57a2d4851a1d" />
    <TestEntry testId="88fb05f3-9fc2-2da7-4d0c-02bdf89e3dce" executionId="bfc877bf-4c5e-476d-ac7b-a12cffa77686" testListId="8c84fa94-04c1-424b-9868-57a2d4851a1d" />
  </TestEntries>
  <TestLists>
    <TestList name="Results Not in a List" id="8c84fa94-04c1-424b-9868-57a2d4851a1d" />
    <TestList name="All Loaded Results" id="19431567-8539-422a-85d7-44ee4e166bda" />
  </TestLists>
  <ResultSummary outcome="Completed">
    <Counters total="2" executed="2" passed="2" failed="0" error="0" timeout="0" aborted="0" inconclusive="0" passedButRunAborted="0" notRunnable="0" notExecuted="0" disconnected="0" warning="0" completed="0" inProgress="0" pending="0" />
    <Output>
      <StdOut>NUnit Adapter 5.0.0.0: Test execution started&#xD;
Running selected tests in D:\Programs\Attorney Online\RPG\AO2-Oceanya-Bot\UiAutomationTests\bin\Debug\net8.0-windows7.0\UiAutomationTests.dll&#xD;
   NUnit3TestExecutor discovered 2 of 2 NUnit test cases using Current Discovery mode, Non-Explicit run&#xD;
[2026-04-13 00:43:55] ?? Loaded 1 characters from cache.&#xD;
[2026-04-13 00:43:58] ?? ===========================&#xD;
[2026-04-13 00:43:58] ?? Connected to AO server via TCP.&#xD;
[2026-04-13 00:43:58] ?? ===========================&#xD;
[2026-04-13 00:43:58] ?? Assigned Player ID: 1 | Server Version: tsuserver&#xD;
[2026-04-13 00:43:58] ?? Server features: fastloading, noencryption [AOClient.cs:504]&#xD;
[2026-04-13 00:43:58] ?? Server Character List updated.&#xD;
[2026-04-13 00:43:58] ?? Handshake completed successfully!&#xD;
[2026-04-13 00:43:58] ?? ===========================&#xD;
[2026-04-13 00:43:59] ?? Server did not provide CharsCheck during connect. Skipping automatic INI selection. [AOClient.cs:1501]&#xD;
[2026-04-13 00:43:59] ?? No available INI Puppets to select. [AOClient.cs:1504]&#xD;
[2026-04-13 00:43:59] ?? ===========================&#xD;
[2026-04-13 00:44:01] ?? TCP connection lost. Attempting to reconnect... [AOClient.cs:1620]&#xD;
[2026-04-13 00:44:01] ?? ===========================&#xD;
[Online] Server received 9 packet(s):&#xD;
  HI#73d5b5bb-e51c-4b3e-bc06-872c32b1f663#%&#xD;
  ID#AO2#2.11.0#%&#xD;
  askchaa#%&#xD;
  RC#%&#xD;
  RM#%&#xD;
  RD#%&#xD;
  CT#HandshakeClient##%&#xD;
  CH#1#%&#xD;
  RM#%&#xD;
&#xD;
[2026-04-13 00:44:02] ?? Loaded 1 characters from cache.&#xD;
[2026-04-13 00:44:05] ?? ===========================&#xD;
[2026-04-13 00:44:05] ?? Connected to AO server via TCP.&#xD;
[2026-04-13 00:44:05] ?? ===========================&#xD;
[2026-04-13 00:44:05] ?? Assigned Player ID: 1 | Server Version: tsuserver&#xD;
[2026-04-13 00:44:05] ?? Server features: fastloading, noencryption [AOClient.cs:504]&#xD;
[2026-04-13 00:44:05] ?? Server Character List updated.&#xD;
[2026-04-13 00:44:05] ?? Handshake completed successfully!&#xD;
[2026-04-13 00:44:05] ?? ===========================&#xD;
[2026-04-13 00:44:06] ?? Server did not provide CharsCheck during connect. Skipping automatic INI selection. [AOClient.cs:1501]&#xD;
[2026-04-13 00:44:06] ?? No available INI Puppets to select. [AOClient.cs:1504]&#xD;
[2026-04-13 00:44:06] ?? ===========================&#xD;
[2026-04-13 00:44:12] ?? TCP connection lost. Attempting to reconnect... [AOClient.cs:1620]&#xD;
[2026-04-13 00:44:12] ?? ===========================&#xD;
[Online] Server received 10 packet(s):&#xD;
  HI#2a3e3431-cf30-4aac-b2e2-2e7ddc06ce5a#%&#xD;
  ID#AO2#2.11.0#%&#xD;
  askchaa#%&#xD;
  RC#%&#xD;
  RM#%&#xD;
  RD#%&#xD;
  CT#OocTestClient##%&#xD;
  CH#1#%&#xD;
  RM#%&#xD;
  CT#OnlineTest#hello from online lane#%&#xD;
&#xD;
NUnit Adapter 5.0.0.0: Test execution complete&#xD;
</StdOut>
    </Output>
  </ResultSummary>
</TestRun>