<?xml version="1.0" encoding="utf-8"?>
<TestRun id="4a9ac0b9-6a96-4d6c-8d9c-04ceee672706" name="Usuario@KAM-DESKTOP-PC 2026-04-13 00:43:16" runUser="KAM-DESKTOP-PC\Usuario" xmlns="http://microsoft.com/schemas/VisualStudio/TeamTest/2010">
  <Times creation="2026-04-13T00:43:16.9779204-03:00" queuing="2026-04-13T00:43:16.9779207-03:00" start="2026-04-13T00:43:10.0727644-03:00" finish="2026-04-13T00:43:28.4887488-03:00" />
  <TestSettings name="default" id="ccf45586-b93c-4212-9b3d-200c92fc8044">
    <Deployment runDeploymentRoot="Usuario_KAM-DESKTOP-PC_2026-04-13_00_43_16" />
  </TestSettings>
  <Results>
    <UnitTestResult executionId="5ec66757-84f7-479c-8418-755b14e1bd78" testId="a32a259f-d622-61bf-3f2d-e06a09505fa3" testName="OnlineConnect_HandshakePacketSequence_IsAo2Compliant" computerName="KAM-DESKTOP-PC" duration="00:00:06.4203320" startTime="2026-04-13T00:43:10.5206322-03:00" endTime="2026-04-13T00:43:16.9409192-03:00" testType="13cdc9d9-ddb5-4fa4-a97d-d965ccfc6d4b" outcome="Passed" testListId="8c84fa94-04c1-424b-9868-57a2d4851a1d" relativeResultsDirectory="5ec66757-84f7-479c-8418-755b14e1bd78">
      <Output>
        <StdOut>[Online] Server received 9 packet(s):&#xD;
  HI#68a8e92c-28a5-42d3-88a5-9b794f35ce05#%&#xD;
  ID#AO2#2.11.0#%&#xD;
  askchaa#%&#xD;
  RC#%&#xD;
  RM#%&#xD;
  RD#%&#xD;
  CT#HandshakeClient##%&#xD;
  CH#1#%&#xD;
  RM#%</StdOut>
      </Output>
    </UnitTestResult>
    <UnitTestResult executionId="bea535c6-57b7-41d1-902b-c0d85ef8cfbb" testId="88fb05f3-9fc2-2da7-4d0c-02bdf89e3dce" testName="OnlineOocSend_MessageArrivesAtServer_AsCtPacket" computerName="KAM-DESKTOP-PC" duration="00:00:11.4922520" startTime="2026-04-13T00:43:16.9418153-03:00" endTime="2026-04-13T00:43:28.4340665-03:00" testType="13cdc9d9-ddb5-4fa4-a97d-d965ccfc6d4b" outcome="Passed" testListId="8c84fa94-04c1-424b-9868-57a2d4851a1d" relativeResultsDirectory="bea535c6-57b7-41d1-902b-c0d85ef8cfbb">
      <Output>
        <StdOut>[Online] Server received 10 packet(s):&#xD;
  HI#ad37a3bf-23ae-4fd2-aa6d-11b559125ee3#%&#xD;
  ID#AO2#2.11.0#%&#xD;
  askchaa#%&#xD;
  RC#%&#xD;
  RM#%&#xD;
  RD#%&#xD;
  CT#OocTestClient##%&#xD;
  CH#1#%&#xD;
  RM#%&#xD;
  CT#OnlineTest#hello from online lane#%</StdOut>
      </Output>
    </UnitTestResult>
  </Results>
  <TestDefinitions>
    <UnitTest name="OnlineConnect_HandshakePacketSequence_IsAo2Compliant" storage="d:\programs\attorney online\rpg\ao2-oceanya-bot\uiautomationtests\bin\debug\net8.0-windows7.0\uiautomationtests.dll" id="a32a259f-d622-61bf-3f2d-e06a09505fa3">
      <Execution id="5ec66757-84f7-479c-8418-755b14e1bd78" />
      <TestMethod codeBase="D:\Programs\Attorney Online\RPG\AO2-Oceanya-Bot\UiAutomationTests\bin\Debug\net8.0-windows7.0\UiAutomationTests.dll" adapterTypeName="executor://nunit3testexecutor/" className="UiAutomationTests.OnlineLaneTests" name="OnlineConnect_HandshakePacketSequence_IsAo2Compliant" />
    </UnitTest>
    <UnitTest name="OnlineOocSend_MessageArrivesAtServer_AsCtPacket" storage="d:\programs\attorney online\rpg\ao2-oceanya-bot\uiautomationtests\bin\debug\net8.0-windows7.0\uiautomationtests.dll" id="88fb05f3-9fc2-2da7-4d0c-02bdf89e3dce">
      <Execution id="bea535c6-57b7-41d1-902b-c0d85ef8cfbb" />
      <TestMethod codeBase="D:\Programs\Attorney Online\RPG\AO2-Oceanya-Bot\UiAutomationTests\bin\Debug\net8.0-windows7.0\UiAutomationTests.dll" adapterTypeName="executor://nunit3testexecutor/" className="UiAutomationTests.OnlineLaneTests" name="OnlineOocSend_MessageArrivesAtServer_AsCtPacket" />
    </UnitTest>
  </TestDefinitions>
  <TestEntries>
    <TestEntry testId="a32a259f-d622-61bf-3f2d-e06a09505fa3" executionId="5ec66757-84f7-479c-8418-755b14e1bd78" testListId="8c84fa94-04c1-424b-9868-57a2d4851a1d" />
    <TestEntry testId="88fb05f3-9fc2-2da7-4d0c-02bdf89e3dce" executionId="bea535c6-57b7-41d1-902b-c0d85ef8cfbb" testListId="8c84fa94-04c1-424b-9868-57a2d4851a1d" />
  </TestEntries>
  <TestLists>
    <TestList name="Results Not in a List" id="8c84fa94-04c1-424b-9868-57a2d4851a1d" />
    <TestList name="All Loaded Results" id="19431567-8539-422a-85d7-44ee4e166bda" />
  </TestLists>
  <ResultSummary outcome="Completed">
    <Counters total="2" executed="2" passed="2" failed="0" error="0" timeout="0" aborted="0" inconclusive="0" passedButRunAborted="0" notRunnable="0" notExecuted="0" disconnected="0" warning="0" completed="0" inProgress="0" pending="0" />
    <Output>
      <StdOut>NUnit Adapter 5.0.0.0: Test execution started&#xD;
Running selected tests in D:\Programs\Attorney Online\RPG\AO2-Oceanya-Bot\UiAutomationTests\bin\Debug\net8.0-windows7.0\UiAutomationTests.dll&#xD;
   NUnit3TestExecutor discovered 2 of 2 NUnit test cases using Current Discovery mode, Non-Explicit run&#xD;
[2026-04-13 00:43:11] ?? Loaded 1 characters from cache.&#xD;
[2026-04-13 00:43:14] ?? ===========================&#xD;
[2026-04-13 00:43:14] ?? Connected to AO server via TCP.&#xD;
[2026-04-13 00:43:14] ?? ===========================&#xD;
[2026-04-13 00:43:14] ?? Assigned Player ID: 1 | Server Version: tsuserver&#xD;
[2026-04-13 00:43:14] ?? Server features: fastloading, noencryption [AOClient.cs:504]&#xD;
[2026-04-13 00:43:14] ?? Server Character List updated.&#xD;
[2026-04-13 00:43:14] ?? Handshake completed successfully!&#xD;
[2026-04-13 00:43:14] ?? ===========================&#xD;
[2026-04-13 00:43:15] ?? Server did not provide CharsCheck during connect. Skipping automatic INI selection. [AOClient.cs:1501]&#xD;
[2026-04-13 00:43:15] ?? No available INI Puppets to select. [AOClient.cs:1504]&#xD;
[2026-04-13 00:43:15] ?? ===========================&#xD;
[2026-04-13 00:43:16] ?? TCP connection lost. Attempting to reconnect... [AOClient.cs:1620]&#xD;
[2026-04-13 00:43:16] ?? ===========================&#xD;
[Online] Server received 9 packet(s):&#xD;
  HI#68a8e92c-28a5-42d3-88a5-9b794f35ce05#%&#xD;
  ID#AO2#2.11.0#%&#xD;
  askchaa#%&#xD;
  RC#%&#xD;
  RM#%&#xD;
  RD#%&#xD;
  CT#HandshakeClient##%&#xD;
  CH#1#%&#xD;
  RM#%&#xD;
&#xD;
[2026-04-13 00:43:17] ?? Loaded 1 characters from cache.&#xD;
[2026-04-13 00:43:20] ?? ===========================&#xD;
[2026-04-13 00:43:20] ?? Connected to AO server via TCP.&#xD;
[2026-04-13 00:43:20] ?? ===========================&#xD;
[2026-04-13 00:43:20] ?? Assigned Player ID: 1 | Server Version: tsuserver&#xD;
[2026-04-13 00:43:20] ?? Server features: fastloading, noencryption [AOClient.cs:504]&#xD;
[2026-04-13 00:43:20] ?? Server Character List updated.&#xD;
[2026-04-13 00:43:20] ?? Handshake completed successfully!&#xD;
[2026-04-13 00:43:20] ?? ===========================&#xD;
[2026-04-13 00:43:22] ?? Server did not provide CharsCheck during connect. Skipping automatic INI selection. [AOClient.cs:1501]&#xD;
[2026-04-13 00:43:22] ?? No available INI Puppets to select. [AOClient.cs:1504]&#xD;
[2026-04-13 00:43:22] ?? ===========================&#xD;
[2026-04-13 00:43:28] ?? TCP connection lost. Attempting to reconnect... [AOClient.cs:1620]&#xD;
[Online] Server received 10 packet(s):&#xD;
  HI#ad37a3bf-23ae-4fd2-aa6d-11b559125ee3#%&#xD;
  ID#AO2#2.11.0#%&#xD;
  askchaa#%&#xD;
  RC#%&#xD;
  RM#%&#xD;
  RD#%&#xD;
  CT#OocTestClient##%&#xD;
  CH#1#%&#xD;
  RM#%&#xD;
  CT#OnlineTest#hello from online lane#%&#xD;
&#xD;
NUnit Adapter 5.0.0.0: Test execution complete&#xD;
</StdOut>
    </Output>
  </ResultSummary>
</TestRun>