<?xml version="1.0" encoding="utf-8"?>
<TestRun id="50ddd12e-e903-4ed5-b983-188c0e750045" name="Usuario@KAM-DESKTOP-PC 2026-04-13 00:13:56" runUser="KAM-DESKTOP-PC\Usuario" xmlns="http://microsoft.com/schemas/VisualStudio/TeamTest/2010">
  <Times creation="2026-04-13T00:13:56.5870957-03:00" queuing="2026-04-13T00:13:56.5870959-03:00" start="2026-04-13T00:13:44.9348816-03:00" finish="2026-04-13T00:14:13.1184183-03:00" />
  <TestSettings name="default" id="18e69c4c-f067-4281-adf1-0efb48ec23d3">
    <Deployment runDeploymentRoot="Usuario_KAM-DESKTOP-PC_2026-04-13_00_13_56" />
  </TestSettings>
  <Results>
    <UnitTestResult executionId="e178751a-6ec0-4457-99e9-e2e0edabb2a8" testId="88fb05f3-9fc2-2da7-4d0c-02bdf89e3dce" testName="OnlineOocSend_MessageArrivesAtServer_AsCtPacket" computerName="KAM-DESKTOP-PC" duration="00:00:16.5250150" startTime="2026-04-13T00:13:56.5506100-03:00" endTime="2026-04-13T00:14:13.0756242-03:00" testType="13cdc9d9-ddb5-4fa4-a97d-d965ccfc6d4b" outcome="Passed" testListId="8c84fa94-04c1-424b-9868-57a2d4851a1d" relativeResultsDirectory="e178751a-6ec0-4457-99e9-e2e0edabb2a8">
      <Output>
        <StdOut>[Online] Server received 10 packet(s):&#xD;
  HI#dfcf739a-308a-4550-8de8-2da7e7bf4bf5#%&#xD;
  ID#AO2#2.11.0#%&#xD;
  askchaa#%&#xD;
  RC#%&#xD;
  RM#%&#xD;
  RD#%&#xD;
  CT#OocTestClient##%&#xD;
  CH#1#%&#xD;
  RM#%&#xD;
  CT#OnlineTest#hello from online lane#%&#xD;
Application failed to exit</StdOut>
      </Output>
    </UnitTestResult>
    <UnitTestResult executionId="70b53587-475a-4d0e-b1e1-eaa70f1d002f" testId="a32a259f-d622-61bf-3f2d-e06a09505fa3" testName="OnlineConnect_HandshakePacketSequence_IsAo2Compliant" computerName="KAM-DESKTOP-PC" duration="00:00:11.1745010" startTime="2026-04-13T00:13:45.3752580-03:00" endTime="2026-04-13T00:13:56.5497069-03:00" testType="13cdc9d9-ddb5-4fa4-a97d-d965ccfc6d4b" outcome="Passed" testListId="8c84fa94-04c1-424b-9868-57a2d4851a1d" relativeResultsDirectory="70b53587-475a-4d0e-b1e1-eaa70f1d002f">
      <Output>
        <StdOut>[Online] Server received 9 packet(s):&#xD;
  HI#e17f2345-a730-460b-aadf-749948388aad#%&#xD;
  ID#AO2#2.11.0#%&#xD;
  askchaa#%&#xD;
  RC#%&#xD;
  RM#%&#xD;
  RD#%&#xD;
  CT#HandshakeClient##%&#xD;
  CH#1#%&#xD;
  RM#%&#xD;
Application failed to exit</StdOut>
      </Output>
    </UnitTestResult>
  </Results>
  <TestDefinitions>
    <UnitTest name="OnlineConnect_HandshakePacketSequence_IsAo2Compliant" storage="d:\programs\attorney online\rpg\ao2-oceanya-bot\uiautomationtests\bin\debug\net8.0-windows7.0\uiautomationtests.dll" id="a32a259f-d622-61bf-3f2d-e06a09505fa3">
      <Execution id="70b53587-475a-4d0e-b1e1-eaa70f1d002f" />
      <TestMethod codeBase="D:\Programs\Attorney Online\RPG\AO2-Oceanya-Bot\UiAutomationTests\bin\Debug\net8.0-windows7.0\UiAutomationTests.dll" adapterTypeName="executor://nunit3testexecutor/" className="UiAutomationTests.OnlineLaneTests" name="OnlineConnect_HandshakePacketSequence_IsAo2Compliant" />
    </UnitTest>
    <UnitTest name="OnlineOocSend_MessageArrivesAtServer_AsCtPacket" storage="d:\programs\attorney online\rpg\ao2-oceanya-bot\uiautomationtests\bin\debug\net8.0-windows7.0\uiautomationtests.dll" id="88fb05f3-9fc2-2da7-4d0c-02bdf89e3dce">
      <Execution id="e178751a-6ec0-4457-99e9-e2e0edabb2a8" />
      <TestMethod codeBase="D:\Programs\Attorney Online\RPG\AO2-Oceanya-Bot\UiAutomationTests\bin\Debug\net8.0-windows7.0\UiAutomationTests.dll" adapterTypeName="executor://nunit3testexecutor/" className="UiAutomationTests.OnlineLaneTests" name="OnlineOocSend_MessageArrivesAtServer_AsCtPacket" />
    </UnitTest>
  </TestDefinitions>
  <TestEntries>
    <TestEntry testId="88fb05f3-9fc2-2da7-4d0c-02bdf89e3dce" executionId="e178751a-6ec0-4457-99e9-e2e0edabb2a8" testListId="8c84fa94-04c1-424b-9868-57a2d4851a1d" />
    <TestEntry testId="a32a259f-d622-61bf-3f2d-e06a09505fa3" executionId="70b53587-475a-4d0e-b1e1-eaa70f1d002f" testListId="8c84fa94-04c1-424b-9868-57a2d4851a1d" />
  </TestEntries>
  <TestLists>
    <TestList name="Results Not in a List" id="8c84fa94-04c1-424b-9868-57a2d4851a1d" />
    <TestList name="All Loaded Results" id="19431567-8539-422a-85d7-44ee4e166bda" />
  </TestLists>
  <ResultSummary outcome="Completed">
    <Counters total="2" executed="2" passed="2" failed="0" error="0" timeout="0" aborted="0" inconclusive="0" passedButRunAborted="0" notRunnable="0" notExecuted="0" disconnected="0" warning="0" completed="0" inProgress="0" pending="0" />
    <Output>
      <StdOut>NUnit Adapter 5.0.0.0: Test execution started&#xD;
Running selected tests in D:\Programs\Attorney Online\RPG\AO2-Oceanya-Bot\UiAutomationTests\bin\Debug\net8.0-windows7.0\UiAutomationTests.dll&#xD;
   NUnit3TestExecutor discovered 2 of 2 NUnit test cases using Current Discovery mode, Non-Explicit run&#xD;
[2026-04-13 00:13:46] ?? Loaded 1 characters from cache.&#xD;
[2026-04-13 00:13:49] ?? ===========================&#xD;
[2026-04-13 00:13:49] ?? Connected to AO server via TCP.&#xD;
[2026-04-13 00:13:49] ?? ===========================&#xD;
[2026-04-13 00:13:49] ?? Assigned Player ID: 1 | Server Version: tsuserver&#xD;
[2026-04-13 00:13:49] ?? Server features: fastloading, noencryption [AOClient.cs:504]&#xD;
[2026-04-13 00:13:49] ?? Server Character List updated.&#xD;
[2026-04-13 00:13:49] ?? Handshake completed successfully!&#xD;
[2026-04-13 00:13:49] ?? ===========================&#xD;
[2026-04-13 00:13:50] ?? Server did not provide CharsCheck during connect. Skipping automatic INI selection. [AOClient.cs:1501]&#xD;
[2026-04-13 00:13:50] ?? No available INI Puppets to select. [AOClient.cs:1504]&#xD;
[2026-04-13 00:13:50] ?? ===========================&#xD;
[2026-04-13 00:13:51] ?? TCP connection lost. Attempting to reconnect... [AOClient.cs:1620]&#xD;
[2026-04-13 00:13:51] ?? ===========================&#xD;
[2026-04-13 00:13:53] ? Connection Error [AOClient.cs:666]&#xD;
[2026-04-13 00:13:53]    Exception: SocketException&#xD;
[2026-04-13 00:13:53]    Message: No connection could be made because the target machine actively refused it.&#xD;
[2026-04-13 00:13:53]    Location: unknown:0&#xD;
[2026-04-13 00:13:53]    Stack: at System.Net.Sockets.Socket.AwaitableSocketAsyncEventArgs.ThrowException(SocketError error, CancellationToken cancellationToken)&#xD;
[2026-04-13 00:13:53] ? Reconnection attempt 1 failed [AOClient.cs:1389]&#xD;
[2026-04-13 00:13:53]    Exception: SocketException&#xD;
[2026-04-13 00:13:53]    Message: No connection could be made because the target machine actively refused it.&#xD;
[2026-04-13 00:13:53]    Location: unknown:0&#xD;
[2026-04-13 00:13:53]    Stack: at System.Net.Sockets.Socket.AwaitableSocketAsyncEventArgs.ThrowException(SocketError error, CancellationToken cancellationToken)&#xD;
[Online] Server received 9 packet(s):&#xD;
  HI#e17f2345-a730-460b-aadf-749948388aad#%&#xD;
  ID#AO2#2.11.0#%&#xD;
  askchaa#%&#xD;
  RC#%&#xD;
  RM#%&#xD;
  RD#%&#xD;
  CT#HandshakeClient##%&#xD;
  CH#1#%&#xD;
  RM#%&#xD;
Application failed to exit&#xD;
&#xD;
[2026-04-13 00:13:57] ?? Loaded 1 characters from cache.&#xD;
[2026-04-13 00:14:00] ?? ===========================&#xD;
[2026-04-13 00:14:00] ?? Connected to AO server via TCP.&#xD;
[2026-04-13 00:14:00] ?? ===========================&#xD;
[2026-04-13 00:14:00] ?? Assigned Player ID: 1 | Server Version: tsuserver&#xD;
[2026-04-13 00:14:00] ?? Server features: fastloading, noencryption [AOClient.cs:504]&#xD;
[2026-04-13 00:14:00] ?? Server Character List updated.&#xD;
[2026-04-13 00:14:00] ?? Handshake completed successfully!&#xD;
[2026-04-13 00:14:00] ?? ===========================&#xD;
[2026-04-13 00:14:01] ?? Server did not provide CharsCheck during connect. Skipping automatic INI selection. [AOClient.cs:1501]&#xD;
[2026-04-13 00:14:01] ?? No available INI Puppets to select. [AOClient.cs:1504]&#xD;
[2026-04-13 00:14:01] ?? ===========================&#xD;
[2026-04-13 00:14:08] ?? TCP connection lost. Attempting to reconnect... [AOClient.cs:1620]&#xD;
[2026-04-13 00:14:08] ?? ===========================&#xD;
[2026-04-13 00:14:10] ? Connection Error [AOClient.cs:666]&#xD;
[2026-04-13 00:14:10]    Exception: SocketException&#xD;
[2026-04-13 00:14:10]    Message: No connection could be made because the target machine actively refused it.&#xD;
[2026-04-13 00:14:10]    Location: unknown:0&#xD;
[2026-04-13 00:14:10]    Stack: at System.Net.Sockets.Socket.AwaitableSocketAsyncEventArgs.ThrowException(SocketError error, CancellationToken cancellationToken)&#xD;
[2026-04-13 00:14:10] ? Reconnection attempt 1 failed [AOClient.cs:1389]&#xD;
[2026-04-13 00:14:10]    Exception: SocketException&#xD;
[2026-04-13 00:14:10]    Message: No connection could be made because the target machine actively refused it.&#xD;
[2026-04-13 00:14:10]    Location: unknown:0&#xD;
[2026-04-13 00:14:10]    Stack: at System.Net.Sockets.Socket.AwaitableSocketAsyncEventArgs.ThrowException(SocketError error, CancellationToken cancellationToken)&#xD;
[Online] Server received 10 packet(s):&#xD;
  HI#dfcf739a-308a-4550-8de8-2da7e7bf4bf5#%&#xD;
  ID#AO2#2.11.0#%&#xD;
  askchaa#%&#xD;
  RC#%&#xD;
  RM#%&#xD;
  RD#%&#xD;
  CT#OocTestClient##%&#xD;
  CH#1#%&#xD;
  RM#%&#xD;
  CT#OnlineTest#hello from online lane#%&#xD;
Application failed to exit&#xD;
&#xD;
NUnit Adapter 5.0.0.0: Test execution complete&#xD;
</StdOut>
    </Output>
  </ResultSummary>
</TestRun>