<?xml version="1.0" encoding="utf-8"?>
<TestRun id="d10f5883-62c8-4c62-a3cd-ea63da0216eb" name="Usuario@KAM-DESKTOP-PC 2026-04-13 00:48:04" runUser="KAM-DESKTOP-PC\Usuario" xmlns="http://microsoft.com/schemas/VisualStudio/TeamTest/2010">
  <Times creation="2026-04-13T00:48:04.1579925-03:00" queuing="2026-04-13T00:48:04.1579928-03:00" start="2026-04-13T00:47:57.2399273-03:00" finish="2026-04-13T00:48:15.4431374-03:00" />
  <TestSettings name="default" id="ce53d6da-79c8-47ff-b754-8fff87449284">
    <Deployment runDeploymentRoot="Usuario_KAM-DESKTOP-PC_2026-04-13_00_48_04" />
  </TestSettings>
  <Results>
    <UnitTestResult executionId="0cb0b9e4-c027-4f4b-895a-3cbc65c7c9fc" testId="a32a259f-d622-61bf-3f2d-e06a09505fa3" testName="OnlineConnect_HandshakePacketSequence_IsAo2Compliant" computerName="KAM-DESKTOP-PC" duration="00:00:06.4405940" startTime="2026-04-13T00:47:57.6804728-03:00" endTime="2026-04-13T00:48:04.1210176-03:00" testType="13cdc9d9-ddb5-4fa4-a97d-d965ccfc6d4b" outcome="Passed" testListId="8c84fa94-04c1-424b-9868-57a2d4851a1d" relativeResultsDirectory="0cb0b9e4-c027-4f4b-895a-3cbc65c7c9fc">
      <Output>
        <StdOut>[Online] Server received 9 packet(s):&#xD;
  HI#0b19b048-e2bd-4f69-ad88-f8cfae33e6f7#%&#xD;
  ID#AO2#2.11.0#%&#xD;
  askchaa#%&#xD;
  RC#%&#xD;
  RM#%&#xD;
  RD#%&#xD;
  CT#HandshakeClient##%&#xD;
  CH#1#%&#xD;
  RM#%</StdOut>
      </Output>
    </UnitTestResult>
    <UnitTestResult executionId="512093ca-998d-4997-afef-ddee9b69d821" testId="88fb05f3-9fc2-2da7-4d0c-02bdf89e3dce" testName="OnlineOocSend_MessageArrivesAtServer_AsCtPacket" computerName="KAM-DESKTOP-PC" duration="00:00:11.2668950" startTime="2026-04-13T00:48:04.1219712-03:00" endTime="2026-04-13T00:48:15.3888663-03:00" testType="13cdc9d9-ddb5-4fa4-a97d-d965ccfc6d4b" outcome="Passed" testListId="8c84fa94-04c1-424b-9868-57a2d4851a1d" relativeResultsDirectory="512093ca-998d-4997-afef-ddee9b69d821">
      <Output>
        <StdOut>[Online] Server received 10 packet(s):&#xD;
  HI#83e788b8-9341-4fcb-af8e-f8e81ae3e01f#%&#xD;
  ID#AO2#2.11.0#%&#xD;
  askchaa#%&#xD;
  RC#%&#xD;
  RM#%&#xD;
  RD#%&#xD;
  CT#OocTestClient##%&#xD;
  CH#1#%&#xD;
  RM#%&#xD;
  CT#OnlineTest#hello from online lane#%</StdOut>
      </Output>
    </UnitTestResult>
  </Results>
  <TestDefinitions>
    <UnitTest name="OnlineConnect_HandshakePacketSequence_IsAo2Compliant" storage="d:\programs\attorney online\rpg\ao2-oceanya-bot\uiautomationtests\bin\debug\net8.0-windows7.0\uiautomationtests.dll" id="a32a259f-d622-61bf-3f2d-e06a09505fa3">
      <Execution id="0cb0b9e4-c027-4f4b-895a-3cbc65c7c9fc" />
      <TestMethod codeBase="D:\Programs\Attorney Online\RPG\AO2-Oceanya-Bot\UiAutomationTests\bin\Debug\net8.0-windows7.0\UiAutomationTests.dll" adapterTypeName="executor://nunit3testexecutor/" className="UiAutomationTests.OnlineLaneTests" name="OnlineConnect_HandshakePacketSequence_IsAo2Compliant" />
    </UnitTest>
    <UnitTest name="OnlineOocSend_MessageArrivesAtServer_AsCtPacket" storage="d:\programs\attorney online\rpg\ao2-oceanya-bot\uiautomationtests\bin\debug\net8.0-windows7.0\uiautomationtests.dll" id="88fb05f3-9fc2-2da7-4d0c-02bdf89e3dce">
      <Execution id="512093ca-998d-4997-afef-ddee9b69d821" />
      <TestMethod codeBase="D:\Programs\Attorney Online\RPG\AO2-Oceanya-Bot\UiAutomationTests\bin\Debug\net8.0-windows7.0\UiAutomationTests.dll" adapterTypeName="executor://nunit3testexecutor/" className="UiAutomationTests.OnlineLaneTests" name="OnlineOocSend_MessageArrivesAtServer_AsCtPacket" />
    </UnitTest>
  </TestDefinitions>
  <TestEntries>
    <TestEntry testId="a32a259f-d622-61bf-3f2d-e06a09505fa3" executionId="0cb0b9e4-c027-4f4b-895a-3cbc65c7c9fc" testListId="8c84fa94-04c1-424b-9868-57a2d4851a1d" />
    <TestEntry testId="88fb05f3-9fc2-2da7-4d0c-02bdf89e3dce" executionId="512093ca-998d-4997-afef-ddee9b69d821" testListId="8c84fa94-04c1-424b-9868-57a2d4851a1d" />
  </TestEntries>
  <TestLists>
    <TestList name="Results Not in a List" id="8c84fa94-04c1-424b-9868-57a2d4851a1d" />
    <TestList name="All Loaded Results" id="19431567-8539-422a-85d7-44ee4e166bda" />
  </TestLists>
  <ResultSummary outcome="Completed">
    <Counters total="2" executed="2" passed="2" failed="0" error="0" timeout="0" aborted="0" inconclusive="0" passedButRunAborted="0" notRunnable="0" notExecuted="0" disconnected="0" warning="0" completed="0" inProgress="0" pending="0" />
    <Output>
      <StdOut>NUnit Adapter 5.0.0.0: Test execution started&#xD;
Running selected tests in D:\Programs\Attorney Online\RPG\AO2-Oceanya-Bot\UiAutomationTests\bin\Debug\net8.0-windows7.0\UiAutomationTests.dll&#xD;
   NUnit3TestExecutor discovered 2 of 2 NUnit test cases using Current Discovery mode, Non-Explicit run&#xD;
[2026-04-13 00:47:58] ?? Loaded 1 characters from cache.&#xD;
[2026-04-13 00:48:01] ?? ===========================&#xD;
[2026-04-13 00:48:01] ?? Connected to AO server via TCP.&#xD;
[2026-04-13 00:48:01] ?? ===========================&#xD;
[2026-04-13 00:48:01] ?? Assigned Player ID: 1 | Server Version: tsuserver&#xD;
[2026-04-13 00:48:01] ?? Server features: fastloading, noencryption [AOClient.cs:504]&#xD;
[2026-04-13 00:48:01] ?? Server Character List updated.&#xD;
[2026-04-13 00:48:01] ?? Handshake completed successfully!&#xD;
[2026-04-13 00:48:01] ?? ===========================&#xD;
[2026-04-13 00:48:02] ?? Server did not provide CharsCheck during connect. Skipping automatic INI selection. [AOClient.cs:1501]&#xD;
[2026-04-13 00:48:02] ?? No available INI Puppets to select. [AOClient.cs:1504]&#xD;
[2026-04-13 00:48:02] ?? ===========================&#xD;
[2026-04-13 00:48:04] ?? TCP connection lost. Attempting to reconnect... [AOClient.cs:1620]&#xD;
[2026-04-13 00:48:04] ?? ===========================&#xD;
[Online] Server received 9 packet(s):&#xD;
  HI#0b19b048-e2bd-4f69-ad88-f8cfae33e6f7#%&#xD;
  ID#AO2#2.11.0#%&#xD;
  askchaa#%&#xD;
  RC#%&#xD;
  RM#%&#xD;
  RD#%&#xD;
  CT#HandshakeClient##%&#xD;
  CH#1#%&#xD;
  RM#%&#xD;
&#xD;
[2026-04-13 00:48:05] ?? Loaded 1 characters from cache.&#xD;
[2026-04-13 00:48:08] ?? ===========================&#xD;
[2026-04-13 00:48:08] ?? Connected to AO server via TCP.&#xD;
[2026-04-13 00:48:08] ?? ===========================&#xD;
[2026-04-13 00:48:08] ?? Assigned Player ID: 1 | Server Version: tsuserver&#xD;
[2026-04-13 00:48:08] ?? Server features: fastloading, noencryption [AOClient.cs:504]&#xD;
[2026-04-13 00:48:08] ?? Server Character List updated.&#xD;
[2026-04-13 00:48:08] ?? Handshake completed successfully!&#xD;
[2026-04-13 00:48:08] ?? ===========================&#xD;
[2026-04-13 00:48:09] ?? Server did not provide CharsCheck during connect. Skipping automatic INI selection. [AOClient.cs:1501]&#xD;
[2026-04-13 00:48:09] ?? No available INI Puppets to select. [AOClient.cs:1504]&#xD;
[2026-04-13 00:48:09] ?? ===========================&#xD;
[Online] Server received 10 packet(s):&#xD;
  HI#83e788b8-9341-4fcb-af8e-f8e81ae3e01f#%&#xD;
  ID#AO2#2.11.0#%&#xD;
  askchaa#%&#xD;
  RC#%&#xD;
  RM#%&#xD;
  RD#%&#xD;
  CT#OocTestClient##%&#xD;
  CH#1#%&#xD;
  RM#%&#xD;
  CT#OnlineTest#hello from online lane#%&#xD;
&#xD;
NUnit Adapter 5.0.0.0: Test execution complete&#xD;
</StdOut>
    </Output>
  </ResultSummary>
</TestRun>